<?xml version="1.0" encoding="UTF-8"?>
<testsuite name="com.principal.todoservice.service.TaskServiceTest" tests="9" skipped="0" failures="0" errors="0" timestamp="2023-11-01T20:07:46" hostname="DESKTOP-DFAJJ7K" time="0.133">
  <properties/>
  <testcase name="testEditTask_IsCompletedInvalid()" classname="com.principal.todoservice.service.TaskServiceTest" time="0.047"/>
  <testcase name="testEditTask()" classname="com.principal.todoservice.service.TaskServiceTest" time="0.005"/>
  <testcase name="testEditTask_FieldsNotNull()" classname="com.principal.todoservice.service.TaskServiceTest" time="0.004"/>
  <testcase name="testAddTask()" classname="com.principal.todoservice.service.TaskServiceTest" time="0.006"/>
  <testcase name="testGetAllTasks()" classname="com.principal.todoservice.service.TaskServiceTest" time="0.007"/>
  <testcase name="testDeleteTask_TaskDoesNotExist()" classname="com.principal.todoservice.service.TaskServiceTest" time="0.003"/>
  <testcase name="testEditTask_TaskNotFound()" classname="com.principal.todoservice.service.TaskServiceTest" time="0.008"/>
  <testcase name="testDeleteTask_ListIsEmpty()" classname="com.principal.todoservice.service.TaskServiceTest" time="0.01"/>
  <testcase name="testDeleteTask_TaskExists()" classname="com.principal.todoservice.service.TaskServiceTest" time="0.003"/>
  <system-out><![CDATA[]]></system-out>
  <system-err><![CDATA[]]></system-err>
</testsuite>
